<?xml version="1.0" encoding="UTF-8"?>
<testng-results ignored="0" total="3" passed="3" failed="0" skipped="0">
  <reporter-output>
  </reporter-output>
  <suite started-at="2021-05-05T10:21:40 IST" name="Suite" finished-at="2021-05-05T10:22:00 IST" duration-ms="20286">
    <groups>
      <group name="cucumber">
        <method signature="AbstractTestNGCucumberTests.runScenario(io.cucumber.testng.PickleWrapper, io.cucumber.testng.FeatureWrapper)[pri:0, instance:com.urbanFindr.cucumberOptions.TestRunner@11bd0f3b]" name="runScenario" class="io.cucumber.testng.AbstractTestNGCucumberTests"/>
      </group> <!-- cucumber -->
    </groups>
    <test started-at="2021-05-05T10:21:40 IST" name="Test runner" finished-at="2021-05-05T10:22:00 IST" duration-ms="20286">
      <class name="com.urbanFindr.cucumberOptions.TestRunner">
        <test-method is-config="true" signature="setUpClass()[pri:0, instance:com.urbanFindr.cucumberOptions.TestRunner@11bd0f3b]" started-at="2021-05-05T10:21:40 IST" name="setUpClass" finished-at="2021-05-05T10:21:40 IST" duration-ms="180" status="PASS">
          <reporter-output>
          </reporter-output>
        </test-method> <!-- setUpClass -->
        <test-method signature="runScenario(io.cucumber.testng.PickleWrapper, io.cucumber.testng.FeatureWrapper)[pri:0, instance:com.urbanFindr.cucumberOptions.TestRunner@11bd0f3b]" started-at="2021-05-05T10:21:40 IST" name="runScenario" description="Runs Cucumber Scenarios" data-provider="scenarios" finished-at="2021-05-05T10:21:46 IST" duration-ms="6205" status="PASS">
          <params>
            <param index="0">
              <value>
                <![CDATA["checking Menu page"]]>
              </value>
            </param>
            <param index="1">
              <value>
                <![CDATA["Store Admin"]]>
              </value>
            </param>
          </params>
          <reporter-output>
          </reporter-output>
        </test-method> <!-- runScenario -->
        <test-method signature="runScenario(io.cucumber.testng.PickleWrapper, io.cucumber.testng.FeatureWrapper)[pri:0, instance:com.urbanFindr.cucumberOptions.TestRunner@11bd0f3b]" started-at="2021-05-05T10:21:46 IST" name="runScenario" description="Runs Cucumber Scenarios" data-provider="scenarios" finished-at="2021-05-05T10:21:53 IST" duration-ms="6643" status="PASS">
          <params>
            <param index="0">
              <value>
                <![CDATA["verify fm admin login"]]>
              </value>
            </param>
            <param index="1">
              <value>
                <![CDATA["Store Admin"]]>
              </value>
            </param>
          </params>
          <reporter-output>
          </reporter-output>
        </test-method> <!-- runScenario -->
        <test-method signature="runScenario(io.cucumber.testng.PickleWrapper, io.cucumber.testng.FeatureWrapper)[pri:0, instance:com.urbanFindr.cucumberOptions.TestRunner@11bd0f3b]" started-at="2021-05-05T10:21:53 IST" name="runScenario" description="Runs Cucumber Scenarios" data-provider="scenarios" finished-at="2021-05-05T10:22:00 IST" duration-ms="7138" status="PASS">
          <params>
            <param index="0">
              <value>
                <![CDATA["verify customer page"]]>
              </value>
            </param>
            <param index="1">
              <value>
                <![CDATA["Store Admin"]]>
              </value>
            </param>
          </params>
          <reporter-output>
          </reporter-output>
        </test-method> <!-- runScenario -->
        <test-method is-config="true" signature="tearDownClass()[pri:0, instance:com.urbanFindr.cucumberOptions.TestRunner@11bd0f3b]" started-at="2021-05-05T10:22:00 IST" name="tearDownClass" finished-at="2021-05-05T10:22:00 IST" duration-ms="88" status="PASS">
          <reporter-output>
          </reporter-output>
        </test-method> <!-- tearDownClass -->
      </class> <!-- com.urbanFindr.cucumberOptions.TestRunner -->
    </test> <!-- Test runner -->
  </suite> <!-- Suite -->
</testng-results>
