<?xml version="1.0" encoding="UTF-8"?>
<testsuite xmlns:xsi="http://www.w3.org/2001/XMLSchema-instance" xsi:noNamespaceSchemaLocation="https://maven.apache.org/surefire/maven-surefire-plugin/xsd/surefire-test-report-3.0.xsd" version="3.0" name="TestSuite" time="21.039" tests="3" errors="0" skipped="0" failures="0">
  <properties>
[...]
</properties>
  <testcase name="runScenario" classname="com.urbanFindr.cucumberOptions.TestRunner" time="6.205"/>
  <testcase name="runScenario" classname="com.urbanFindr.cucumberOptions.TestRunner" time="6.643"/>
  <testcase name="runScenario" classname="com.urbanFindr.cucumberOptions.TestRunner" time="7.138"/>
</testsuite>